<?xml version="1.0" encoding="UTF-8"?>
<!-- Generated by org.testng.reporters.JUnitXMLReporter -->
<testsuite hostname="DESKTOP-CLP44QM" ignored="0" name="Default test" tests="4" failures="0" timestamp="16 Nov 2020 12:55:16 GMT" time="86.163" errors="0">
  <testcase name="SendResetPasswordLink" time="25.062" classname="TestNGTest.Rest_password"/>
  <testcase name="LoginToGmail" time="26.381" classname="TestNGTest.Rest_password"/>
  <testcase name="CheckNewPasswordValidation" time="12.506" classname="TestNGTest.Rest_password"/>
  <testcase name="CheckConfirmPasswordValidation" time="16.353" classname="TestNGTest.Rest_password"/>
</testsuite> <!-- Default test -->
